\BOOKMARK [0][-]{chapter.1}{Introducci\363n}{}% 1
\BOOKMARK [1][-]{section.1.1}{Antecedentes}{chapter.1}% 2
\BOOKMARK [1][-]{section.1.2}{Objetivo}{chapter.1}% 3
\BOOKMARK [1][-]{section.1.3}{Problem\341tica}{chapter.1}% 4
\BOOKMARK [1][-]{section.1.4}{Soluci\363n propuesta por otras aplicaciones}{chapter.1}% 5
\BOOKMARK [1][-]{section.1.5}{Soluci\363n propuesta}{chapter.1}% 6
\BOOKMARK [1][-]{section.1.6}{An\341lisis de factibilidad}{chapter.1}% 7
\BOOKMARK [2][-]{subsection.1.6.1}{Econ\363mica}{section.1.6}% 8
\BOOKMARK [1][-]{section.1.7}{Referencias}{chapter.1}% 9
\BOOKMARK [0][-]{chapter.2}{Sistema de Seguimiento de Tratamientos M\351dicos por medio de un Dispositivo M\363vil}{}% 10
\BOOKMARK [1][-]{section.2.1}{Arquitectura}{chapter.2}% 11
\BOOKMARK [1][-]{section.2.2}{M\363dulos}{chapter.2}% 12
\BOOKMARK [1][-]{section.2.3}{Requerimientos}{chapter.2}% 13
\BOOKMARK [1][-]{section.2.4}{Procesos}{chapter.2}% 14
\BOOKMARK [1][-]{section.2.5}{Casos de uso}{chapter.2}% 15
\BOOKMARK [1][-]{section.2.6}{Modelo Relacional}{chapter.2}% 16
\BOOKMARK [0][-]{chapter.3}{Modelo de comportamiento del paciente: Casos de Uso del paciente }{}% 17
\BOOKMARK [1][-]{section.3.1}{CUR 1 Iniciar sesi\363n}{chapter.3}% 18
\BOOKMARK [2][-]{subsection.3.1.1}{Resumen}{section.3.1}% 19
\BOOKMARK [2][-]{subsection.3.1.2}{Descripci\363n}{section.3.1}% 20
\BOOKMARK [2][-]{subsection.3.1.3}{Trayectorias del caso de uso}{section.3.1}% 21
\BOOKMARK [2][-]{subsection.3.1.4}{Puntos de extensi\363n}{section.3.1}% 22
\BOOKMARK [1][-]{section.3.2}{CUR 2 Recuperar contrase\361a}{chapter.3}% 23
\BOOKMARK [2][-]{subsection.3.2.1}{Resumen}{section.3.2}% 24
\BOOKMARK [2][-]{subsection.3.2.2}{Descripci\363n}{section.3.2}% 25
\BOOKMARK [2][-]{subsection.3.2.3}{Trayectorias del caso de uso}{section.3.2}% 26
\BOOKMARK [2][-]{subsection.3.2.4}{Puntos de extensi\363n}{section.3.2}% 27
\BOOKMARK [1][-]{section.3.3}{CUR 3 Registro de cuenta}{chapter.3}% 28
\BOOKMARK [2][-]{subsection.3.3.1}{Resumen}{section.3.3}% 29
\BOOKMARK [2][-]{subsection.3.3.2}{Descripci\363n}{section.3.3}% 30
\BOOKMARK [2][-]{subsection.3.3.3}{Trayectorias del caso de uso}{section.3.3}% 31
\BOOKMARK [2][-]{subsection.3.3.4}{Puntos de extensi\363n}{section.3.3}% 32
\BOOKMARK [1][-]{section.3.4}{CUR 4 Consultar datos personales}{chapter.3}% 33
\BOOKMARK [2][-]{subsection.3.4.1}{Resumen}{section.3.4}% 34
\BOOKMARK [2][-]{subsection.3.4.2}{Descripci\363n}{section.3.4}% 35
\BOOKMARK [2][-]{subsection.3.4.3}{Trayectorias del caso de uso}{section.3.4}% 36
\BOOKMARK [2][-]{subsection.3.4.4}{Puntos de extensi\363n}{section.3.4}% 37
\BOOKMARK [1][-]{section.3.5}{CUR 5 Editar datos personales}{chapter.3}% 38
\BOOKMARK [2][-]{subsection.3.5.1}{Resumen}{section.3.5}% 39
\BOOKMARK [2][-]{subsection.3.5.2}{Descripci\363n}{section.3.5}% 40
\BOOKMARK [2][-]{subsection.3.5.3}{Trayectorias del caso de uso}{section.3.5}% 41
\BOOKMARK [2][-]{subsection.3.5.4}{Puntos de extensi\363n}{section.3.5}% 42
\BOOKMARK [1][-]{section.3.6}{CUR 6 Consultar Tratamiento}{chapter.3}% 43
\BOOKMARK [2][-]{subsection.3.6.1}{Resumen}{section.3.6}% 44
\BOOKMARK [2][-]{subsection.3.6.2}{Descripci\363n}{section.3.6}% 45
\BOOKMARK [2][-]{subsection.3.6.3}{Trayectorias del caso de uso}{section.3.6}% 46
\BOOKMARK [2][-]{subsection.3.6.4}{Puntos de extensi\363n}{section.3.6}% 47
\BOOKMARK [1][-]{section.3.7}{CUR 7 Editar Tratamiento}{chapter.3}% 48
\BOOKMARK [2][-]{subsection.3.7.1}{Resumen}{section.3.7}% 49
\BOOKMARK [2][-]{subsection.3.7.2}{Descripci\363n}{section.3.7}% 50
\BOOKMARK [2][-]{subsection.3.7.3}{Trayectorias del caso de uso}{section.3.7}% 51
\BOOKMARK [2][-]{subsection.3.7.4}{Puntos de extensi\363n}{section.3.7}% 52
\BOOKMARK [1][-]{section.3.8}{CUR 8 Agregar Tratamiento}{chapter.3}% 53
\BOOKMARK [2][-]{subsection.3.8.1}{Resumen}{section.3.8}% 54
\BOOKMARK [2][-]{subsection.3.8.2}{Descripci\363n}{section.3.8}% 55
\BOOKMARK [2][-]{subsection.3.8.3}{Trayectorias del caso de uso}{section.3.8}% 56
\BOOKMARK [2][-]{subsection.3.8.4}{Puntos de extensi\363n}{section.3.8}% 57
\BOOKMARK [1][-]{section.3.9}{CUR 9 Agregar Medicamento}{chapter.3}% 58
\BOOKMARK [2][-]{subsection.3.9.1}{Resumen}{section.3.9}% 59
\BOOKMARK [2][-]{subsection.3.9.2}{Descripci\363n}{section.3.9}% 60
\BOOKMARK [2][-]{subsection.3.9.3}{Trayectorias del caso de uso}{section.3.9}% 61
\BOOKMARK [2][-]{subsection.3.9.4}{Puntos de extensi\363n}{section.3.9}% 62
\BOOKMARK [1][-]{section.3.10}{CUR 10 Recibir notificacion}{chapter.3}% 63
\BOOKMARK [2][-]{subsection.3.10.1}{Resumen}{section.3.10}% 64
\BOOKMARK [2][-]{subsection.3.10.2}{Descripci\363n}{section.3.10}% 65
\BOOKMARK [2][-]{subsection.3.10.3}{Trayectorias del caso de uso}{section.3.10}% 66
\BOOKMARK [2][-]{subsection.3.10.4}{Puntos de extensi\363n}{section.3.10}% 67
\BOOKMARK [1][-]{section.3.11}{CUR 11 Mandar alerta}{chapter.3}% 68
\BOOKMARK [2][-]{subsection.3.11.1}{Resumen}{section.3.11}% 69
\BOOKMARK [2][-]{subsection.3.11.2}{Descripci\363n}{section.3.11}% 70
\BOOKMARK [2][-]{subsection.3.11.3}{Trayectorias del caso de uso}{section.3.11}% 71
\BOOKMARK [2][-]{subsection.3.11.4}{Puntos de extensi\363n}{section.3.11}% 72
\BOOKMARK [1][-]{section.3.12}{CUR 1 Agregar Doctor}{chapter.3}% 73
\BOOKMARK [2][-]{subsection.3.12.1}{Resumen}{section.3.12}% 74
\BOOKMARK [2][-]{subsection.3.12.2}{Descripci\363n}{section.3.12}% 75
\BOOKMARK [2][-]{subsection.3.12.3}{Trayectorias del caso de uso}{section.3.12}% 76
\BOOKMARK [2][-]{subsection.3.12.4}{Puntos de extensi\363n}{section.3.12}% 77
\BOOKMARK [1][-]{section.3.13}{CUR 13 Consultar Doctor}{chapter.3}% 78
\BOOKMARK [2][-]{subsection.3.13.1}{Resumen}{section.3.13}% 79
\BOOKMARK [2][-]{subsection.3.13.2}{Descripci\363n}{section.3.13}% 80
\BOOKMARK [2][-]{subsection.3.13.3}{Trayectorias del caso de uso}{section.3.13}% 81
\BOOKMARK [2][-]{subsection.3.13.4}{Puntos de extensi\363n}{section.3.13}% 82
\BOOKMARK [1][-]{section.3.14}{CUR 14 Agregar auxiliar}{chapter.3}% 83
\BOOKMARK [2][-]{subsection.3.14.1}{Resumen}{section.3.14}% 84
\BOOKMARK [2][-]{subsection.3.14.2}{Descripci\363n}{section.3.14}% 85
\BOOKMARK [2][-]{subsection.3.14.3}{Trayectorias del caso de uso}{section.3.14}% 86
\BOOKMARK [2][-]{subsection.3.14.4}{Puntos de extensi\363n}{section.3.14}% 87
\BOOKMARK [1][-]{section.3.15}{CUR 15 Consultar auxiliar}{chapter.3}% 88
\BOOKMARK [2][-]{subsection.3.15.1}{Resumen}{section.3.15}% 89
\BOOKMARK [2][-]{subsection.3.15.2}{Descripci\363n}{section.3.15}% 90
\BOOKMARK [2][-]{subsection.3.15.3}{Trayectorias del caso de uso}{section.3.15}% 91
\BOOKMARK [2][-]{subsection.3.15.4}{Puntos de extensi\363n}{section.3.15}% 92
\BOOKMARK [1][-]{section.3.16}{CUR 16 Agregar contactos de emergencia}{chapter.3}% 93
\BOOKMARK [2][-]{subsection.3.16.1}{Resumen}{section.3.16}% 94
\BOOKMARK [2][-]{subsection.3.16.2}{Descripci\363n}{section.3.16}% 95
\BOOKMARK [2][-]{subsection.3.16.3}{Trayectorias del caso de uso}{section.3.16}% 96
\BOOKMARK [2][-]{subsection.3.16.4}{Puntos de extensi\363n}{section.3.16}% 97
\BOOKMARK [1][-]{section.3.17}{CUR 17 Consultar contactos de emergencia}{chapter.3}% 98
\BOOKMARK [2][-]{subsection.3.17.1}{Resumen}{section.3.17}% 99
\BOOKMARK [2][-]{subsection.3.17.2}{Descripci\363n}{section.3.17}% 100
\BOOKMARK [2][-]{subsection.3.17.3}{Trayectorias del caso de uso}{section.3.17}% 101
\BOOKMARK [2][-]{subsection.3.17.4}{Puntos de extensi\363n}{section.3.17}% 102
